###############################################################
#  Generated by:      Cadence Innovus 18.10-p002_1
#  OS:                Linux x86_64(Host ID vspace.ecdl.hut.fi)
#  Generated on:      Mon May 30 23:29:35 2022
#  Design:            microcontroller_interface_8_8
#  Command:           addMetalFill -layer { Metal2 Metal3 }
###############################################################

Iteration name: default
Fill shape type: FILLWIREOPC
Layer M2 - Fill width    : 0.400um - 2.000um
Layer M2 - Fill length   : 1.000um - 10.000um
Layer M2 - Active spacing: 0.600um
Layer M2 - Gap spacing   : 0.400um
Layer M2 - Window size   : 120um X 120um
Layer M2 - Window step   : 60um X 60um
Layer M2 - Min Density   : 20%
Layer M2 - Pref Density  : 35%
Layer M2 - Max Density   : 65%
Layer M2 - Ext Density   : 35%
Layer M2 - Number of windows (total - met pref density = processed): 25 - 0 = 25
Layer M3 - Fill width    : 0.400um - 2.000um
Layer M3 - Fill length   : 1.000um - 10.000um
Layer M3 - Active spacing: 0.600um
Layer M3 - Gap spacing   : 0.400um
Layer M3 - Window size   : 120um X 120um
Layer M3 - Window step   : 60um X 60um
Layer M3 - Min Density   : 20%
Layer M3 - Pref Density  : 35%
Layer M3 - Max Density   : 65%
Layer M3 - Ext Density   : 35%
Layer M3 - Number of windows (total - met pref density = processed): 25 - 0 = 25

***************Before filling***************

Layer M2 - Number of windows under minimum density (20%): 15 out of total 25.
Layer M2 - Number of windows over maximum density  (65%): 0 out of total 25.

Layer M3 - Number of windows under minimum density (20%): 12 out of total 25.
Layer M3 - Number of windows over maximum density  (65%): 0 out of total 25.

***************After filling***************

Layer M2 - Number of windows under minimum density (20%): 9 out of total 25.
Layer M2 - Number of windows over maximum density  (65%): 0 out of total 25.

Layer M3 - Number of windows under minimum density (20%): 5 out of total 25.
Layer M3 - Number of windows over maximum density  (65%): 0 out of total 25.

