###############################################################
#  Generated by:      Cadence Innovus 18.10-p002_1
#  OS:                Linux x86_64(Host ID vspace.ecdl.hut.fi)
#  Generated on:      Mon May 30 23:42:43 2022
#  Design:            microcontroller_interface_8_8
#  Command:           verifyMetalDensity -report microcontroller_interface_8_8.density.rpt
###############################################################

Verify Density report created on Mon May 30 23:42:43 2022

###############################################################
# Layer       M1 - Window size      : 120.0um X 120.0um
# Layer       M1 - Window step      : 60.0um X 60.0um
# Layer       M1 - Min Density      : 20%
# Layer       M1 - Pref Density     : 35%
# Layer       M1 - Max Density      : 65%
# Layer       M1 - Ext Density      : 35%
# Layer       M2 - Window size      : 120.0um X 120.0um
# Layer       M2 - Window step      : 60.0um X 60.0um
# Layer       M2 - Min Density      : 20%
# Layer       M2 - Pref Density     : 35%
# Layer       M2 - Max Density      : 65%
# Layer       M2 - Ext Density      : 35%
# Layer       M3 - Window size      : 120.0um X 120.0um
# Layer       M3 - Window step      : 60.0um X 60.0um
# Layer       M3 - Min Density      : 20%
# Layer       M3 - Pref Density     : 35%
# Layer       M3 - Max Density      : 65%
# Layer       M3 - Ext Density      : 35%
# Layer       M4 - Window size      : 120.0um X 120.0um
# Layer       M4 - Window step      : 60.0um X 60.0um
# Layer       M4 - Min Density      : 20%
# Layer       M4 - Pref Density     : 35%
# Layer       M4 - Max Density      : 65%
# Layer       M4 - Ext Density      : 35%
# Layer       M5 - Window size      : 120.0um X 120.0um
# Layer       M5 - Window step      : 60.0um X 60.0um
# Layer       M5 - Min Density      : 20%
# Layer       M5 - Pref Density     : 35%
# Layer       M5 - Max Density      : 65%
# Layer       M5 - Ext Density      : 35%
# Layer       M6 - Window size      : 120.0um X 120.0um
# Layer       M6 - Window step      : 60.0um X 60.0um
# Layer       M6 - Min Density      : 20%
# Layer       M6 - Pref Density     : 35%
# Layer       M6 - Max Density      : 65%
# Layer       M6 - Ext Density      : 35%
# Layer       M7 - Window size      : 120.0um X 120.0um
# Layer       M7 - Window step      : 60.0um X 60.0um
# Layer       M7 - Min Density      : 20%
# Layer       M7 - Pref Density     : 35%
# Layer       M7 - Max Density      : 65%
# Layer       M7 - Ext Density      : 35%
# Layer       M8 - Window size      : 120.0um X 120.0um
# Layer       M8 - Window step      : 60.0um X 60.0um
# Layer       M8 - Min Density      : 20%
# Layer       M8 - Pref Density     : 35%
# Layer       M8 - Max Density      : 65%
# Layer       M8 - Ext Density      : 35%
# Layer       M9 - Window size      : 120.0um X 120.0um
# Layer       M9 - Window step      : 60.0um X 60.0um
# Layer       M9 - Min Density      : 20%
# Layer       M9 - Pref Density     : 35%
# Layer       M9 - Max Density      : 65%
# Layer       M9 - Ext Density      : 35%
# Layer      M10 - Window size      : 120.0um X 120.0um
# Layer      M10 - Window step      : 60.0um X 60.0um
# Layer      M10 - Min Density      : 20%
# Layer      M10 - Pref Density     : 35%
# Layer      M10 - Max Density      : 65%
# Layer      M10 - Ext Density      : 35%
# Layer      M11 - Window size      : 120.0um X 120.0um
# Layer      M11 - Window step      : 60.0um X 60.0um
# Layer      M11 - Min Density      : 20%
# Layer      M11 - Pref Density     : 35%
# Layer      M11 - Max Density      : 65%
# Layer      M11 - Ext Density      : 35%
###############################################################


    Layer    Density(%)          Window  
***************************************************


No density violations were found.

