###############################################################
#  Generated by:      Cadence Innovus 18.10-p002_1
#  OS:                Linux x86_64(Host ID vspace.ecdl.hut.fi)
#  Generated on:      Mon May 30 23:42:17 2022
#  Design:            microcontroller_interface_8_8
#  Command:           verifyConnectivity -type all -error 1000 -warning 50
###############################################################
Verify Connectivity Report is created on Mon May 30 23:42:17 2022



Net vdd!: has special routes with opens at (8.500, 8.505) (331.100, 325.895)
Net vdd!: has regular routing with opens at (15.000, 307.995) (324.600, 310.265)
Net vdd!: has regular routing with opens at (15.000, 304.575) (324.600, 306.845)
Net vdd!: has regular routing with opens at (15.000, 301.155) (324.600, 303.425)
Net vdd!: has regular routing with opens at (15.000, 297.735) (324.600, 300.005)
Net vdd!: has regular routing with opens at (15.000, 294.315) (324.600, 296.585)
Net vdd!: has regular routing with opens at (15.000, 277.215) (324.600, 279.485)
Net vdd!: has regular routing with opens at (15.000, 273.795) (324.600, 276.065)
Net vdd!: has regular routing with opens at (15.000, 253.330) (324.600, 255.545)
Net vdd!: has regular routing with opens at (15.000, 243.015) (324.600, 245.285)
Net vdd!: has regular routing with opens at (15.000, 239.595) (324.600, 241.865)
Net vdd!: has regular routing with opens at (15.000, 236.175) (324.600, 238.445)
Net vdd!: has regular routing with opens at (15.000, 232.755) (324.600, 235.025)
Net vdd!: has regular routing with opens at (15.000, 208.870) (324.600, 211.085)
Net vdd!: has regular routing with opens at (15.000, 205.395) (324.600, 207.610)
Net vdd!: has regular routing with opens at (15.000, 191.715) (324.600, 193.930)
Net vdd!: has regular routing with opens at (15.000, 188.295) (324.600, 190.565)
Net vdd!: has regular routing with opens at (15.000, 164.355) (324.600, 166.625)
Net vdd!: has regular routing with opens at (15.000, 160.990) (324.600, 163.205)
Net vdd!: has regular routing with opens at (15.000, 157.515) (324.600, 159.785)
Net vdd!: has regular routing with opens at (15.000, 154.095) (324.600, 156.310)
Net vdd!: has regular routing with opens at (15.000, 150.675) (324.600, 152.945)
Net vdd!: has regular routing with opens at (15.000, 147.255) (324.600, 149.525)
Net vdd!: has regular routing with opens at (15.000, 130.155) (324.600, 132.425)
Net vdd!: has regular routing with opens at (15.000, 126.735) (324.600, 128.950)
Net vdd!: has regular routing with opens at (15.000, 102.850) (324.600, 105.065)
Net vdd!: has regular routing with opens at (15.000, 99.430) (324.600, 101.445)
Net vdd!: has regular routing with opens at (15.000, 92.535) (324.600, 94.750)
Net vdd!: has regular routing with opens at (15.000, 89.115) (324.600, 91.385)
Net vdd!: has regular routing with opens at (15.000, 85.695) (324.600, 87.965)
Net vdd!: has regular routing with opens at (15.000, 41.235) (324.600, 43.505)
Net vdd!: has regular routing with opens at (15.000, 37.815) (324.600, 40.085)
Net vdd!: has regular routing with opens at (15.000, 34.395) (324.600, 36.665)
Net vdd!: has regular routing with opens at (15.000, 318.255) (324.600, 319.450)
Net vdd!: has regular routing with opens at (15.000, 314.835) (324.600, 317.105)
Net vdd!: has regular routing with opens at (15.000, 311.415) (324.600, 313.685)
Net vdd!: has regular routing with opens at (15.000, 290.950) (324.600, 293.165)
Net vdd!: has regular routing with opens at (15.000, 287.475) (324.600, 289.745)
Net vdd!: has regular routing with opens at (15.000, 284.055) (324.600, 286.325)
Net vdd!: has regular routing with opens at (15.000, 280.635) (324.600, 282.905)
Net vdd!: has regular routing with opens at (15.000, 270.375) (324.600, 272.645)
Net vdd!: has regular routing with opens at (15.000, 266.955) (324.600, 269.225)
Net vdd!: has regular routing with opens at (15.000, 263.535) (324.600, 265.750)
Net vdd!: has regular routing with opens at (15.000, 260.115) (324.600, 262.385)
Net vdd!: has regular routing with opens at (15.000, 256.695) (324.600, 258.965)
Net vdd!: has regular routing with opens at (15.000, 249.910) (324.600, 252.125)
Net vdd!: has regular routing with opens at (15.000, 246.435) (324.600, 248.650)
Net vdd!: has regular routing with opens at (15.000, 229.335) (324.600, 231.605)
Net vdd!: has regular routing with opens at (15.000, 225.915) (324.600, 228.185)
Net vdd!: has regular routing with opens at (15.000, 222.495) (324.600, 224.765)
Net vdd!: has regular routing with opens at (15.000, 219.075) (324.600, 221.290)
Net vdd!: has regular routing with opens at (15.000, 215.655) (324.600, 217.925)
Net vdd!: has regular routing with opens at (15.000, 212.235) (324.600, 214.450)
Net vdd!: has regular routing with opens at (15.000, 201.975) (324.600, 204.190)
Net vdd!: has regular routing with opens at (15.000, 198.555) (324.600, 200.825)
Net vdd!: has regular routing with opens at (15.000, 195.190) (324.600, 197.405)
Net vdd!: has regular routing with opens at (15.000, 184.875) (324.600, 187.145)
Net vdd!: has regular routing with opens at (15.000, 181.455) (324.600, 183.725)
Net vdd!: has regular routing with opens at (15.000, 178.035) (324.600, 180.305)
Net vdd!: has regular routing with opens at (15.000, 174.615) (324.600, 176.885)
Net vdd!: has regular routing with opens at (15.000, 171.195) (324.600, 173.465)
Net vdd!: has regular routing with opens at (15.000, 167.775) (324.600, 170.045)
Net vdd!: has regular routing with opens at (15.000, 143.835) (324.600, 146.105)
Net vdd!: has regular routing with opens at (15.000, 140.415) (324.600, 142.685)
Net vdd!: has regular routing with opens at (15.000, 137.050) (324.600, 139.265)
Net vdd!: has regular routing with opens at (15.000, 133.575) (324.600, 135.845)
Net vdd!: has regular routing with opens at (15.000, 123.315) (324.600, 125.585)
Net vdd!: has regular routing with opens at (15.000, 119.895) (324.600, 122.165)
Net vdd!: has regular routing with opens at (15.000, 116.475) (324.600, 118.745)
Net vdd!: has regular routing with opens at (15.000, 113.055) (324.600, 115.325)
Net vdd!: has regular routing with opens at (15.000, 109.690) (324.600, 111.905)
Net vdd!: has regular routing with opens at (15.000, 106.215) (324.600, 108.430)
Net vdd!: has regular routing with opens at (15.000, 95.955) (324.600, 98.170)
Net vdd!: has regular routing with opens at (15.000, 82.275) (324.600, 84.545)
Net vdd!: has regular routing with opens at (15.000, 78.855) (324.600, 81.070)
Net vdd!: has regular routing with opens at (15.000, 75.435) (324.600, 77.705)
Net vdd!: has regular routing with opens at (15.000, 72.015) (324.600, 74.285)
Net vdd!: has regular routing with opens at (15.000, 68.595) (324.600, 70.865)
Net vdd!: has regular routing with opens at (15.000, 65.175) (324.600, 67.445)
Net vdd!: has regular routing with opens at (15.000, 61.755) (324.600, 63.970)
Net vdd!: has regular routing with opens at (15.000, 58.335) (324.600, 60.605)
Net vdd!: has regular routing with opens at (15.000, 54.915) (324.600, 57.185)
Net vdd!: has regular routing with opens at (15.000, 51.495) (324.600, 53.765)
Net vdd!: has regular routing with opens at (15.000, 48.075) (324.600, 50.345)
Net vdd!: has regular routing with opens at (15.000, 44.655) (324.600, 46.925)
Net vdd!: has regular routing with opens at (15.000, 30.975) (324.600, 33.245)
Net vdd!: has regular routing with opens at (15.000, 27.555) (324.600, 29.825)
Net vdd!: has regular routing with opens at (15.000, 24.135) (324.600, 26.405)
Net vdd!: has regular routing with opens at (15.000, 20.715) (324.600, 22.985)
Net vdd!: has regular routing with opens at (15.000, 17.295) (324.600, 19.565)
Net vdd!: has regular routing with opens at (15.000, 14.950) (324.600, 16.145)
Net vss!: has special routes with opens at (2.000, 2.005) (337.600, 332.395)
Net vss!: has regular routing with opens at (15.000, 306.290) (324.600, 308.550)
Net vss!: has regular routing with opens at (15.000, 299.450) (324.600, 301.710)
Net vss!: has regular routing with opens at (15.000, 296.030) (324.600, 298.290)
Net vss!: has regular routing with opens at (15.000, 275.510) (324.600, 277.770)
Net vss!: has regular routing with opens at (15.000, 251.570) (324.600, 253.775)
Net vss!: has regular routing with opens at (15.000, 241.310) (324.600, 243.570)
Net vss!: has regular routing with opens at (15.000, 237.890) (324.600, 240.150)
Net vss!: has regular routing with opens at (15.000, 234.470) (324.600, 236.730)
Net vss!: has regular routing with opens at (15.000, 207.165) (324.600, 209.315)
Net vss!: has regular routing with opens at (15.000, 190.010) (324.600, 192.270)
Net vss!: has regular routing with opens at (15.000, 162.650) (324.600, 164.910)
Net vss!: has regular routing with opens at (15.000, 159.230) (324.600, 161.435)
Net vss!: has regular routing with opens at (15.000, 155.865) (324.600, 158.070)
Net vss!: has regular routing with opens at (15.000, 148.970) (324.600, 151.230)
Net vss!: has regular routing with opens at (15.000, 128.505) (324.600, 130.710)
Net vss!: has regular routing with opens at (15.000, 101.145) (324.600, 103.295)
Net vss!: has regular routing with opens at (15.000, 94.305) (324.600, 96.510)
Net vss!: has regular routing with opens at (15.000, 90.830) (324.600, 93.090)
Net vss!: has regular routing with opens at (15.000, 87.410) (324.600, 89.670)
Net vss!: has regular routing with opens at (15.000, 39.530) (324.600, 41.790)
Net vss!: has regular routing with opens at (15.000, 36.110) (324.600, 38.370)
Net vss!: has regular routing with opens at (15.000, 32.690) (324.600, 34.950)
Net vss!: has regular routing with opens at (15.000, 316.550) (324.600, 318.810)
Net vss!: has regular routing with opens at (15.000, 313.130) (324.600, 315.390)
Net vss!: has regular routing with opens at (15.000, 309.710) (324.600, 311.970)
Net vss!: has regular routing with opens at (15.000, 302.870) (324.600, 305.130)
Net vss!: has regular routing with opens at (15.000, 292.610) (324.600, 294.870)
Net vss!: has regular routing with opens at (15.000, 289.190) (324.600, 291.395)
Net vss!: has regular routing with opens at (15.000, 285.770) (324.600, 287.975)
Net vss!: has regular routing with opens at (15.000, 282.350) (324.600, 284.610)
Net vss!: has regular routing with opens at (15.000, 278.930) (324.600, 281.190)
Net vss!: has regular routing with opens at (15.000, 272.090) (324.600, 274.350)
Net vss!: has regular routing with opens at (15.000, 268.670) (324.600, 270.875)
Net vss!: has regular routing with opens at (15.000, 265.305) (324.600, 267.510)
Net vss!: has regular routing with opens at (15.000, 261.830) (324.600, 264.090)
Net vss!: has regular routing with opens at (15.000, 258.410) (324.600, 260.670)
Net vss!: has regular routing with opens at (15.000, 254.990) (324.600, 257.250)
Net vss!: has regular routing with opens at (15.000, 248.205) (324.600, 250.355)
Net vss!: has regular routing with opens at (15.000, 244.730) (324.600, 246.990)
Net vss!: has regular routing with opens at (15.000, 231.050) (324.600, 233.310)
Net vss!: has regular routing with opens at (15.000, 227.630) (324.600, 229.890)
Net vss!: has regular routing with opens at (15.000, 224.210) (324.600, 226.470)
Net vss!: has regular routing with opens at (15.000, 220.845) (324.600, 223.050)
Net vss!: has regular routing with opens at (15.000, 217.370) (324.600, 219.630)
Net vss!: has regular routing with opens at (15.000, 214.005) (324.600, 216.210)
Net vss!: has regular routing with opens at (15.000, 210.530) (324.600, 212.790)
Net vss!: has regular routing with opens at (15.000, 203.745) (324.600, 205.950)
Net vss!: has regular routing with opens at (15.000, 200.270) (324.600, 202.530)
Net vss!: has regular routing with opens at (15.000, 196.850) (324.600, 199.110)
Net vss!: has regular routing with opens at (15.000, 193.485) (324.600, 195.635)
Net vss!: has regular routing with opens at (15.000, 186.590) (324.600, 188.850)
Net vss!: has regular routing with opens at (15.000, 183.170) (324.600, 185.430)
Net vss!: has regular routing with opens at (15.000, 179.750) (324.600, 182.010)
Net vss!: has regular routing with opens at (15.000, 176.330) (324.600, 178.590)
Net vss!: has regular routing with opens at (15.000, 172.910) (324.600, 175.170)
Net vss!: has regular routing with opens at (15.000, 169.490) (324.600, 171.750)
Net vss!: has regular routing with opens at (15.000, 166.070) (324.600, 168.330)
Net vss!: has regular routing with opens at (15.000, 152.390) (324.600, 154.650)
Net vss!: has regular routing with opens at (15.000, 145.550) (324.600, 147.810)
Net vss!: has regular routing with opens at (15.000, 142.130) (324.600, 144.390)
Net vss!: has regular routing with opens at (15.000, 138.710) (324.600, 140.970)
Net vss!: has regular routing with opens at (15.000, 135.290) (324.600, 137.495)
Net vss!: has regular routing with opens at (15.000, 131.870) (324.600, 134.130)
Net vss!: has regular routing with opens at (15.000, 125.030) (324.600, 127.290)
Net vss!: has regular routing with opens at (15.000, 121.610) (324.600, 123.870)
Net vss!: has regular routing with opens at (15.000, 118.190) (324.600, 120.450)
Net vss!: has regular routing with opens at (15.000, 114.770) (324.600, 117.030)
Net vss!: has regular routing with opens at (15.000, 111.350) (324.600, 113.610)
Net vss!: has regular routing with opens at (15.000, 107.985) (324.600, 110.135)
Net vss!: has regular routing with opens at (15.000, 104.510) (324.600, 106.770)
Net vss!: has regular routing with opens at (15.000, 97.725) (324.600, 99.875)
Net vss!: has regular routing with opens at (15.000, 83.990) (324.600, 86.250)
Net vss!: has regular routing with opens at (15.000, 80.625) (324.600, 82.775)
Net vss!: has regular routing with opens at (15.000, 77.150) (324.600, 79.410)
Net vss!: has regular routing with opens at (15.000, 73.730) (324.600, 75.990)
Net vss!: has regular routing with opens at (15.000, 70.310) (324.600, 72.570)
Net vss!: has regular routing with opens at (15.000, 66.890) (324.600, 69.150)
Net vss!: has regular routing with opens at (15.000, 63.525) (324.600, 65.730)
Net vss!: has regular routing with opens at (15.000, 60.050) (324.600, 62.310)
Net vss!: has regular routing with opens at (15.000, 56.630) (324.600, 58.890)
Net vss!: has regular routing with opens at (15.000, 53.210) (324.600, 55.470)
Net vss!: has regular routing with opens at (15.000, 49.790) (324.600, 52.050)
Net vss!: has regular routing with opens at (15.000, 46.370) (324.600, 48.630)
Net vss!: has regular routing with opens at (15.000, 42.950) (324.600, 45.210)
Net vss!: has regular routing with opens at (15.000, 29.270) (324.600, 31.530)
Net vss!: has regular routing with opens at (15.000, 25.850) (324.600, 28.110)
Net vss!: has regular routing with opens at (15.000, 22.430) (324.600, 24.690)
Net vss!: has regular routing with opens at (15.000, 19.010) (324.600, 21.270)
Net vss!: has regular routing with opens at (15.000, 15.590) (324.600, 17.850)

Begin Summary
    2 Problem(s) (IMPVFC-200): Special Wires: Pieces of the net are not connected together.
    179 Problem(s) (IMPVFC-92): Pieces of the net are not connected together.
    181 total info(s) created.
End Summary
