#@ # 
#@ # Running fm_shell Version K-2015.06-SP4 for linux64 -- Nov 22, 2015
#@ # Date:   Tue May 24 16:47:52 2022
#@ # Run by: xzhong@vspace.ecdl.hut.fi
#@ 

source /prog/synopsys/formality/K-2015.06-SP4/admin/setup/.synopsys_fm.setup
#@ # -- Starting source /prog/synopsys/formality/K-2015.06-SP4/admin/setup/.synopsys_fm.setup

#@ #
#@ # .synopsys_fm.setup: Initialization File for Formality
#@ #
#@ 
#@ 
#@ #
#@ # Enable stack trace output on fatal.  Not available for all architectures.
#@ #
#@ if { $sh_arch == "sparc" || $sh_arch == "sparcOS5" ||      $sh_arch == "hp700" || $sh_arch == "hpux10" } {
#@   set_unix_variable SYNOPSYS_TRACE ""
#@ }
#@ 
#@ #
#@ # Variable settings
#@ #
#@ set sh_new_variable_message true
#@ 
#@ #
#@ # Synopsys strongly recommends that you uncomment the following command
#@ # in order to set sh_command_abbrev_mode to the value "Command-Line-Only".
#@ # Command abbreviation is intended as an interactive convenience.  Using
#@ # abbreviations in scripts can cause commands to fail in subsequent releases.
#@ # 
#@ #set sh_command_abbrev_mode "Command-Line-Only"
#@ 
#@ #
#@ # Some useful aliases
#@ #
#@ alias list_commands		help
#@ 
#@ #
#@ # The alias of q to quit is commented out.  Remove the comment 
#@ # character if you want this alias.  Some users find that having 
#@ # this particular alias causes problems when mixed with page-mode
#@ # for reports - an accidental repeated 'q' not only cancels the
#@ # output but exits the tool.
#@ #
#@ #alias q quit
#@ # -- End source /prog/synopsys/formality/K-2015.06-SP4/admin/setup/.synopsys_fm.setup

source /home/xzhong/E3540/formality/.synopsys_fm.setup
#@ # -- Starting source /home/xzhong/E3540/formality/.synopsys_fm.setup

#@ # miscellaneous stuff
#@ set hdlin_vhdl_std 2008
#@ # -- End source /home/xzhong/E3540/formality/.synopsys_fm.setup

set_svf -append { /home/xzhong/E3540/synthesis/default.svf } 
read_vhdl -container r -libname WORK -93 { /home/xzhong/E3540/vhdl/ALU.vhd /home/xzhong/E3540/vhdl/FSM.vhd /home/xzhong/E3540/vhdl/InstructionSet.vhd /home/xzhong/E3540/vhdl/microcontroller_interface.vhd /home/xzhong/E3540/vhdl/MUX.vhd /home/xzhong/E3540/vhdl/RAM.vhd } 
set_top r:/WORK/microcontroller_interface 
read_verilog -container i -libname WORK -05 { /home/xzhong/E3540/netlist/serial_peripheral_interface.v } 
read_db -container i { /home/xzhong/E3540/techlibs/slow.db } 
set_top i:/WORK/microcontroller_interface_8_8 
match 
verify 
